<?xml version="1.0" encoding="UTF-8"?>
<!-- Generated by org.testng.reporters.JUnitReportReporter -->
<testsuite hostname="GopinathKumsi" name="com.first.App" tests="1" failures="0" timestamp="9 Mar 2020 09:10:10 GMT" time="94.811" errors="0">
  <testcase name="some" time="94.811" classname="com.first.App"/>
</testsuite> <!-- com.first.App -->
